Performing C SOURCE FILE Test CMAKE_HAVE_LIBC_PTHREAD failed with the following output:
Change Dir: /course/2025/spring/ds/642/bader/kd454/Project/build/CMakeFiles/CMakeTmp

Run Build Command(s):/usr/bin/gmake -f Makefile cmTC_6fc9b/fast && /usr/bin/gmake  -f CMakeFiles/cmTC_6fc9b.dir/build.make CMakeFiles/cmTC_6fc9b.dir/build
gmake[1]: Entering directory '/mmfs1/course/2025/spring/ds/642/bader/kd454/Project/build/CMakeFiles/CMakeTmp'
Building C object CMakeFiles/cmTC_6fc9b.dir/src.c.o
/apps/easybuild/software/GCCcore/12.2.0/bin/cc -DCMAKE_HAVE_LIBC_PTHREAD  -fPIC  -o CMakeFiles/cmTC_6fc9b.dir/src.c.o -c /course/2025/spring/ds/642/bader/kd454/Project/build/CMakeFiles/CMakeTmp/src.c
Linking C executable cmTC_6fc9b
/mmfs1/apps/easybuild/software/CMake/3.24.3-GCCcore-12.2.0/bin/cmake -E cmake_link_script CMakeFiles/cmTC_6fc9b.dir/link.txt --verbose=1
/apps/easybuild/software/GCCcore/12.2.0/bin/cc -fPIC  CMakeFiles/cmTC_6fc9b.dir/src.c.o -o cmTC_6fc9b 
/apps/easybuild/software/binutils/2.39-GCCcore-12.2.0/bin/ld: CMakeFiles/cmTC_6fc9b.dir/src.c.o: in function `main':
src.c:(.text+0x2f): undefined reference to `pthread_create'
/apps/easybuild/software/binutils/2.39-GCCcore-12.2.0/bin/ld: src.c:(.text+0x3b): undefined reference to `pthread_detach'
/apps/easybuild/software/binutils/2.39-GCCcore-12.2.0/bin/ld: src.c:(.text+0x47): undefined reference to `pthread_cancel'
/apps/easybuild/software/binutils/2.39-GCCcore-12.2.0/bin/ld: src.c:(.text+0x58): undefined reference to `pthread_join'
collect2: error: ld returned 1 exit status
gmake[1]: *** [CMakeFiles/cmTC_6fc9b.dir/build.make:99: cmTC_6fc9b] Error 1
gmake[1]: Leaving directory '/mmfs1/course/2025/spring/ds/642/bader/kd454/Project/build/CMakeFiles/CMakeTmp'
gmake: *** [Makefile:127: cmTC_6fc9b/fast] Error 2


Source file was:
#include <pthread.h>

static void* test_func(void* data)
{
  return data;
}

int main(void)
{
  pthread_t thread;
  pthread_create(&thread, NULL, test_func, NULL);
  pthread_detach(thread);
  pthread_cancel(thread);
  pthread_join(thread, NULL);
  pthread_atfork(NULL, NULL, NULL);
  pthread_exit(NULL);

  return 0;
}

Determining if the function pthread_create exists in the pthreads failed with the following output:
Change Dir: /course/2025/spring/ds/642/bader/kd454/Project/build/CMakeFiles/CMakeTmp

Run Build Command(s):/usr/bin/gmake -f Makefile cmTC_1165a/fast && /usr/bin/gmake  -f CMakeFiles/cmTC_1165a.dir/build.make CMakeFiles/cmTC_1165a.dir/build
gmake[1]: Entering directory '/mmfs1/course/2025/spring/ds/642/bader/kd454/Project/build/CMakeFiles/CMakeTmp'
Building C object CMakeFiles/cmTC_1165a.dir/CheckFunctionExists.c.o
/apps/easybuild/software/GCCcore/12.2.0/bin/cc   -fPIC -DCHECK_FUNCTION_EXISTS=pthread_create -o CMakeFiles/cmTC_1165a.dir/CheckFunctionExists.c.o -c /mmfs1/apps/easybuild/software/CMake/3.24.3-GCCcore-12.2.0/share/cmake-3.24/Modules/CheckFunctionExists.c
Linking C executable cmTC_1165a
/mmfs1/apps/easybuild/software/CMake/3.24.3-GCCcore-12.2.0/bin/cmake -E cmake_link_script CMakeFiles/cmTC_1165a.dir/link.txt --verbose=1
/apps/easybuild/software/GCCcore/12.2.0/bin/cc -fPIC -DCHECK_FUNCTION_EXISTS=pthread_create CMakeFiles/cmTC_1165a.dir/CheckFunctionExists.c.o -o cmTC_1165a  -lpthreads 
/apps/easybuild/software/binutils/2.39-GCCcore-12.2.0/bin/ld: cannot find -lpthreads: No such file or directory
collect2: error: ld returned 1 exit status
gmake[1]: *** [CMakeFiles/cmTC_1165a.dir/build.make:99: cmTC_1165a] Error 1
gmake[1]: Leaving directory '/mmfs1/course/2025/spring/ds/642/bader/kd454/Project/build/CMakeFiles/CMakeTmp'
gmake: *** [Makefile:127: cmTC_1165a/fast] Error 2



